WARNING 2020-04-08 16:00:31,414 base 152 Not Found: /
WARNING 2020-04-08 16:00:31,417 basehttp 131 "GET / HTTP/1.1" 404 2135
WARNING 2020-04-08 16:01:44,456 base 152 Not Found: /
WARNING 2020-04-08 16:01:44,459 basehttp 131 "GET / HTTP/1.1" 404 2135
WARNING 2020-04-08 16:04:44,375 base 152 Not Found: /
WARNING 2020-04-08 16:04:44,383 basehttp 131 "GET / HTTP/1.1" 404 2135
WARNING 2020-04-08 16:05:13,309 base 152 Not Found: /
WARNING 2020-04-08 16:05:13,310 basehttp 131 "GET / HTTP/1.1" 404 2135
WARNING 2020-04-08 16:08:24,690 base 152 Not Found: /
WARNING 2020-04-08 16:08:24,699 basehttp 131 "GET / HTTP/1.1" 404 2135
WARNING 2020-04-08 16:08:31,654 base 152 Not Found: /index
WARNING 2020-04-08 16:08:31,659 basehttp 131 "GET /index HTTP/1.1" 404 2150
INFO 2020-04-08 16:08:37,642 basehttp 131 "GET /blog/index/ HTTP/1.1" 200 16000
INFO 2020-04-08 16:08:37,672 basehttp 131 "GET /static/js/jquery.2.1.4.min.js HTTP/1.1" 304 0
INFO 2020-04-08 16:08:37,691 basehttp 131 "GET /static/js/superbg-custom.js HTTP/1.1" 304 0
INFO 2020-04-08 16:08:37,691 basehttp 131 "GET /static/js/layer/layer.js HTTP/1.1" 304 0
INFO 2020-04-08 16:08:37,746 basehttp 131 "GET /static/css/skin_1.css HTTP/1.1" 304 0
INFO 2020-04-08 16:08:37,746 basehttp 131 "GET /static/css/public.css HTTP/1.1" 304 0
INFO 2020-04-08 16:08:37,750 basehttp 131 "GET /static/css/font-icon.css HTTP/1.1" 304 0
INFO 2020-04-08 16:08:37,749 basehttp 131 "GET /static/css/flexslider.css HTTP/1.1" 304 0
INFO 2020-04-08 16:08:37,750 basehttp 131 "GET /static/css/default.css HTTP/1.1" 304 0
INFO 2020-04-08 16:08:37,746 basehttp 131 "GET /static/css/skin_2.css HTTP/1.1" 304 0
INFO 2020-04-08 16:08:37,777 basehttp 131 "GET /static/css/animation.css HTTP/1.1" 304 0
INFO 2020-04-08 16:08:37,780 basehttp 131 "GET /static/js/my.js HTTP/1.1" 304 0
INFO 2020-04-08 16:08:37,783 basehttp 131 "GET /static/images/h.gif HTTP/1.1" 304 0
INFO 2020-04-08 16:08:37,786 basehttp 131 "GET /static/css/skin_3.css HTTP/1.1" 304 0
INFO 2020-04-08 16:08:37,790 basehttp 131 "GET /static/js/tooltip.js HTTP/1.1" 304 0
INFO 2020-04-08 16:08:37,802 basehttp 131 "GET /static/js/album.js HTTP/1.1" 304 0
INFO 2020-04-08 16:08:37,802 basehttp 131 "GET /static/js/checkform.js HTTP/1.1" 304 0
INFO 2020-04-08 16:08:37,803 basehttp 131 "GET /static/js/superbg.min.js HTTP/1.1" 304 0
INFO 2020-04-08 16:08:37,803 basehttp 131 "GET /static/js/skin.js HTTP/1.1" 304 0
INFO 2020-04-08 16:08:37,804 basehttp 131 "GET /static/js/jquery.flexslider-min.js HTTP/1.1" 304 0
INFO 2020-04-08 16:08:37,812 basehttp 131 "GET /static/images/icon/loading.gif HTTP/1.1" 304 0
INFO 2020-04-08 16:08:37,845 basehttp 131 "GET /static/js/layer/skin/layer.css HTTP/1.1" 304 0
INFO 2020-04-08 16:08:37,937 basehttp 131 "GET /static/images/bgimg/bg0.jpg HTTP/1.1" 304 0
INFO 2020-04-08 16:08:37,937 basehttp 131 "GET /static/images/bgimg/bg4.jpg HTTP/1.1" 304 0
INFO 2020-04-08 16:08:37,937 basehttp 131 "GET /static/images/bgimg/bg1.jpg HTTP/1.1" 304 0
INFO 2020-04-08 16:08:37,937 basehttp 131 "GET /static/images/icon/back-top-btn.png HTTP/1.1" 304 0
INFO 2020-04-08 16:08:37,946 basehttp 131 "GET /static/font/elusiveicons-webfont.woff?v=2.0.0 HTTP/1.1" 304 0
INFO 2020-04-08 16:08:57,960 basehttp 131 "GET /blog/about/ HTTP/1.1" 200 14028
ERROR 2020-04-08 16:09:02,473 exception 124 Internal Server Error: /blog/article/0/
Traceback (most recent call last):
  File "E:\Virtualenvs\django_blog\lib\site-packages\django\template\defaulttags.py", line 1013, in find_library
    return parser.libraries[name]
KeyError: 'custom_filter'

During handling of the above exception, another exception occurred:

Traceback (most recent call last):
  File "E:\Virtualenvs\django_blog\lib\site-packages\django\core\handlers\exception.py", line 39, in inner
    response = get_response(request)
  File "E:\Virtualenvs\django_blog\lib\site-packages\django\core\handlers\base.py", line 187, in _get_response
    response = self.process_exception_by_middleware(e, request)
  File "E:\Virtualenvs\django_blog\lib\site-packages\django\core\handlers\base.py", line 185, in _get_response
    response = wrapped_callback(request, *callback_args, **callback_kwargs)
  File "E:\blog\django-blog\blog\views.py", line 40, in articles
    "category": category,
  File "E:\Virtualenvs\django_blog\lib\site-packages\django\shortcuts.py", line 30, in render
    content = loader.render_to_string(template_name, context, request, using=using)
  File "E:\Virtualenvs\django_blog\lib\site-packages\django\template\loader.py", line 67, in render_to_string
    template = get_template(template_name, using=using)
  File "E:\Virtualenvs\django_blog\lib\site-packages\django\template\loader.py", line 21, in get_template
    return engine.get_template(template_name)
  File "E:\Virtualenvs\django_blog\lib\site-packages\django\template\backends\django.py", line 39, in get_template
    return Template(self.engine.get_template(template_name), self)
  File "E:\Virtualenvs\django_blog\lib\site-packages\django\template\engine.py", line 160, in get_template
    template, origin = self.find_template(template_name)
  File "E:\Virtualenvs\django_blog\lib\site-packages\django\template\engine.py", line 134, in find_template
    name, template_dirs=dirs, skip=skip,
  File "E:\Virtualenvs\django_blog\lib\site-packages\django\template\loaders\base.py", line 44, in get_template
    contents, origin, origin.template_name, self.engine,
  File "E:\Virtualenvs\django_blog\lib\site-packages\django\template\base.py", line 191, in __init__
    self.nodelist = self.compile_nodelist()
  File "E:\Virtualenvs\django_blog\lib\site-packages\django\template\base.py", line 233, in compile_nodelist
    return parser.parse()
  File "E:\Virtualenvs\django_blog\lib\site-packages\django\template\base.py", line 518, in parse
    raise self.error(token, e)
  File "E:\Virtualenvs\django_blog\lib\site-packages\django\template\base.py", line 516, in parse
    compiled_result = compile_func(self, token)
  File "E:\Virtualenvs\django_blog\lib\site-packages\django\template\loader_tags.py", line 299, in do_extends
    nodelist = parser.parse()
  File "E:\Virtualenvs\django_blog\lib\site-packages\django\template\base.py", line 518, in parse
    raise self.error(token, e)
  File "E:\Virtualenvs\django_blog\lib\site-packages\django\template\base.py", line 516, in parse
    compiled_result = compile_func(self, token)
  File "E:\Virtualenvs\django_blog\lib\site-packages\django\template\defaulttags.py", line 1070, in load
    lib = find_library(parser, name)
  File "E:\Virtualenvs\django_blog\lib\site-packages\django\template\defaulttags.py", line 1017, in find_library
    name, "\n".join(sorted(parser.libraries.keys())),
django.template.exceptions.TemplateSyntaxError: 'custom_filter' is not a registered tag library. Must be one of:
admin_list
admin_modify
admin_static
admin_urls
cache
i18n
l10n
log
static
staticfiles
tz
ERROR 2020-04-08 16:09:02,667 basehttp 131 "GET /blog/article/0/ HTTP/1.1" 500 162138
INFO 2020-04-08 16:09:05,613 basehttp 131 "GET /blog/about/ HTTP/1.1" 200 14028
ERROR 2020-04-08 16:09:07,717 exception 124 Internal Server Error: /blog/archive/
Traceback (most recent call last):
  File "E:\Virtualenvs\django_blog\lib\site-packages\django\template\defaulttags.py", line 1013, in find_library
    return parser.libraries[name]
KeyError: 'custom_filter'

During handling of the above exception, another exception occurred:

Traceback (most recent call last):
  File "E:\Virtualenvs\django_blog\lib\site-packages\django\core\handlers\exception.py", line 39, in inner
    response = get_response(request)
  File "E:\Virtualenvs\django_blog\lib\site-packages\django\core\handlers\base.py", line 187, in _get_response
    response = self.process_exception_by_middleware(e, request)
  File "E:\Virtualenvs\django_blog\lib\site-packages\django\core\handlers\base.py", line 185, in _get_response
    response = wrapped_callback(request, *callback_args, **callback_kwargs)
  File "E:\blog\django-blog\blog\views.py", line 50, in archive
    return render(request, 'blog/archive.html', {"article_list": article_list})
  File "E:\Virtualenvs\django_blog\lib\site-packages\django\shortcuts.py", line 30, in render
    content = loader.render_to_string(template_name, context, request, using=using)
  File "E:\Virtualenvs\django_blog\lib\site-packages\django\template\loader.py", line 67, in render_to_string
    template = get_template(template_name, using=using)
  File "E:\Virtualenvs\django_blog\lib\site-packages\django\template\loader.py", line 21, in get_template
    return engine.get_template(template_name)
  File "E:\Virtualenvs\django_blog\lib\site-packages\django\template\backends\django.py", line 39, in get_template
    return Template(self.engine.get_template(template_name), self)
  File "E:\Virtualenvs\django_blog\lib\site-packages\django\template\engine.py", line 160, in get_template
    template, origin = self.find_template(template_name)
  File "E:\Virtualenvs\django_blog\lib\site-packages\django\template\engine.py", line 134, in find_template
    name, template_dirs=dirs, skip=skip,
  File "E:\Virtualenvs\django_blog\lib\site-packages\django\template\loaders\base.py", line 44, in get_template
    contents, origin, origin.template_name, self.engine,
  File "E:\Virtualenvs\django_blog\lib\site-packages\django\template\base.py", line 191, in __init__
    self.nodelist = self.compile_nodelist()
  File "E:\Virtualenvs\django_blog\lib\site-packages\django\template\base.py", line 233, in compile_nodelist
    return parser.parse()
  File "E:\Virtualenvs\django_blog\lib\site-packages\django\template\base.py", line 518, in parse
    raise self.error(token, e)
  File "E:\Virtualenvs\django_blog\lib\site-packages\django\template\base.py", line 516, in parse
    compiled_result = compile_func(self, token)
  File "E:\Virtualenvs\django_blog\lib\site-packages\django\template\loader_tags.py", line 299, in do_extends
    nodelist = parser.parse()
  File "E:\Virtualenvs\django_blog\lib\site-packages\django\template\base.py", line 518, in parse
    raise self.error(token, e)
  File "E:\Virtualenvs\django_blog\lib\site-packages\django\template\base.py", line 516, in parse
    compiled_result = compile_func(self, token)
  File "E:\Virtualenvs\django_blog\lib\site-packages\django\template\defaulttags.py", line 1070, in load
    lib = find_library(parser, name)
  File "E:\Virtualenvs\django_blog\lib\site-packages\django\template\defaulttags.py", line 1017, in find_library
    name, "\n".join(sorted(parser.libraries.keys())),
django.template.exceptions.TemplateSyntaxError: 'custom_filter' is not a registered tag library. Must be one of:
admin_list
admin_modify
admin_static
admin_urls
cache
i18n
l10n
log
static
staticfiles
tz
ERROR 2020-04-08 16:09:07,809 basehttp 131 "GET /blog/archive/ HTTP/1.1" 500 150716
INFO 2020-04-08 16:09:09,501 basehttp 131 "GET /blog/about/ HTTP/1.1" 200 14028
INFO 2020-04-08 16:09:11,509 basehttp 131 "GET /blog/link/ HTTP/1.1" 200 14028
INFO 2020-04-08 16:09:14,045 basehttp 131 "GET /blog/message HTTP/1.1" 200 15269
INFO 2020-04-08 16:09:34,892 basehttp 131 "GET /static/images/bgimg/bg2.jpg HTTP/1.1" 304 0
INFO 2020-04-08 16:09:59,859 basehttp 131 "GET /static/images/bgimg/bg3.jpg HTTP/1.1" 304 0
WARNING 2020-04-08 16:16:48,311 base 152 Not Found: /
WARNING 2020-04-08 16:16:48,312 basehttp 131 "GET / HTTP/1.1" 404 2135
INFO 2020-04-08 16:17:15,017 basehttp 131 "GET /blog HTTP/1.1" 301 0
INFO 2020-04-08 16:17:15,173 basehttp 131 "GET /blog/ HTTP/1.1" 200 16000
INFO 2020-04-08 16:17:15,249 basehttp 131 "GET /static/css/default.css HTTP/1.1" 304 0
INFO 2020-04-08 16:17:15,250 basehttp 131 "GET /static/css/skin_1.css HTTP/1.1" 304 0
INFO 2020-04-08 16:17:15,250 basehttp 131 "GET /static/css/animation.css HTTP/1.1" 304 0
INFO 2020-04-08 16:17:15,253 basehttp 131 "GET /static/js/my.js HTTP/1.1" 304 0
INFO 2020-04-08 16:17:15,253 basehttp 131 "GET /static/js/tooltip.js HTTP/1.1" 304 0
INFO 2020-04-08 16:17:15,254 basehttp 131 "GET /static/js/superbg.min.js HTTP/1.1" 304 0
INFO 2020-04-08 16:17:15,263 basehttp 131 "GET /static/images/h.gif HTTP/1.1" 304 0
INFO 2020-04-08 16:17:15,282 basehttp 131 "GET /static/css/public.css HTTP/1.1" 304 0
INFO 2020-04-08 16:17:15,283 basehttp 131 "GET /static/css/font-icon.css HTTP/1.1" 304 0
INFO 2020-04-08 16:17:15,306 basehttp 131 "GET /static/js/jquery.2.1.4.min.js HTTP/1.1" 304 0
INFO 2020-04-08 16:17:15,307 basehttp 131 "GET /static/js/checkform.js HTTP/1.1" 304 0
INFO 2020-04-08 16:17:15,307 basehttp 131 "GET /static/js/skin.js HTTP/1.1" 304 0
INFO 2020-04-08 16:17:15,307 basehttp 131 "GET /static/js/jquery.flexslider-min.js HTTP/1.1" 304 0
INFO 2020-04-08 16:17:15,307 basehttp 131 "GET /static/js/album.js HTTP/1.1" 304 0
INFO 2020-04-08 16:17:15,309 basehttp 131 "GET /static/js/superbg-custom.js HTTP/1.1" 304 0
INFO 2020-04-08 16:17:15,315 basehttp 131 "GET /static/css/flexslider.css HTTP/1.1" 304 0
INFO 2020-04-08 16:17:15,317 basehttp 131 "GET /static/js/layer/layer.js HTTP/1.1" 304 0
INFO 2020-04-08 16:17:15,327 basehttp 131 "GET /static/css/skin_2.css HTTP/1.1" 304 0
INFO 2020-04-08 16:17:15,327 basehttp 131 "GET /static/css/skin_3.css HTTP/1.1" 304 0
INFO 2020-04-08 16:17:15,350 basehttp 131 "GET /static/images/icon/loading.gif HTTP/1.1" 304 0
INFO 2020-04-08 16:17:15,383 basehttp 131 "GET /static/js/layer/skin/layer.css HTTP/1.1" 304 0
INFO 2020-04-08 16:17:15,415 basehttp 131 "GET /static/images/bgimg/bg4.jpg HTTP/1.1" 304 0
INFO 2020-04-08 16:17:15,419 basehttp 131 "GET /static/images/bgimg/bg1.jpg HTTP/1.1" 304 0
INFO 2020-04-08 16:17:15,425 basehttp 131 "GET /static/images/bgimg/bg0.jpg HTTP/1.1" 304 0
INFO 2020-04-08 16:17:15,428 basehttp 131 "GET /static/font/elusiveicons-webfont.woff?v=2.0.0 HTTP/1.1" 304 0
INFO 2020-04-08 16:17:15,482 basehttp 131 "GET /static/images/icon/back-top-btn.png HTTP/1.1" 304 0
INFO 2020-04-08 16:17:35,480 basehttp 131 "GET /static/images/bgimg/bg2.jpg HTTP/1.1" 304 0
INFO 2020-04-08 16:17:58,495 basehttp 131 "GET /static/images/bgimg/bg3.jpg HTTP/1.1" 304 0
INFO 2020-04-08 16:41:06,451 basehttp 131 "GET / HTTP/1.1" 200 16000
INFO 2020-04-08 16:41:06,496 basehttp 131 "GET /static/css/public.css HTTP/1.1" 304 0
INFO 2020-04-08 16:41:06,500 basehttp 131 "GET /static/css/default.css HTTP/1.1" 304 0
INFO 2020-04-08 16:41:06,511 basehttp 131 "GET /static/css/skin_3.css HTTP/1.1" 304 0
INFO 2020-04-08 16:41:06,521 basehttp 131 "GET /static/css/skin_2.css HTTP/1.1" 304 0
INFO 2020-04-08 16:41:06,531 basehttp 131 "GET /static/js/jquery.2.1.4.min.js HTTP/1.1" 304 0
INFO 2020-04-08 16:41:06,538 basehttp 131 "GET /static/css/font-icon.css HTTP/1.1" 304 0
INFO 2020-04-08 16:41:06,541 basehttp 131 "GET /static/css/animation.css HTTP/1.1" 304 0
INFO 2020-04-08 16:41:06,545 basehttp 131 "GET /static/css/flexslider.css HTTP/1.1" 304 0
INFO 2020-04-08 16:41:06,557 basehttp 131 "GET /static/js/superbg.min.js HTTP/1.1" 304 0
INFO 2020-04-08 16:41:06,559 basehttp 131 "GET /static/js/layer/layer.js HTTP/1.1" 304 0
INFO 2020-04-08 16:41:06,559 basehttp 131 "GET /static/js/jquery.flexslider-min.js HTTP/1.1" 304 0
INFO 2020-04-08 16:41:06,562 basehttp 131 "GET /static/js/my.js HTTP/1.1" 304 0
INFO 2020-04-08 16:41:06,572 basehttp 131 "GET /static/css/skin_1.css HTTP/1.1" 304 0
INFO 2020-04-08 16:41:06,572 basehttp 131 "GET /static/js/superbg-custom.js HTTP/1.1" 304 0
INFO 2020-04-08 16:41:06,577 basehttp 131 "GET /static/js/tooltip.js HTTP/1.1" 304 0
INFO 2020-04-08 16:41:06,587 basehttp 131 "GET /static/js/skin.js HTTP/1.1" 304 0
INFO 2020-04-08 16:41:06,590 basehttp 131 "GET /static/js/album.js HTTP/1.1" 304 0
INFO 2020-04-08 16:41:06,595 basehttp 131 "GET /static/js/checkform.js HTTP/1.1" 304 0
INFO 2020-04-08 16:41:06,595 basehttp 131 "GET /static/images/h.gif HTTP/1.1" 304 0
INFO 2020-04-08 16:41:06,596 basehttp 131 "GET /static/images/icon/loading.gif HTTP/1.1" 304 0
INFO 2020-04-08 16:41:06,634 basehttp 131 "GET /static/js/layer/skin/layer.css HTTP/1.1" 304 0
INFO 2020-04-08 16:41:06,669 basehttp 131 "GET /static/images/bgimg/bg4.jpg HTTP/1.1" 304 0
INFO 2020-04-08 16:41:06,671 basehttp 131 "GET /static/images/bgimg/bg0.jpg HTTP/1.1" 304 0
INFO 2020-04-08 16:41:06,673 basehttp 131 "GET /static/images/bgimg/bg1.jpg HTTP/1.1" 304 0
INFO 2020-04-08 16:41:06,676 basehttp 131 "GET /static/font/elusiveicons-webfont.woff?v=2.0.0 HTTP/1.1" 304 0
INFO 2020-04-08 16:41:06,735 basehttp 131 "GET /static/images/icon/back-top-btn.png HTTP/1.1" 304 0
INFO 2020-04-08 16:41:14,311 basehttp 131 "GET /hdgjkfd HTTP/1.1" 200 3
INFO 2020-04-08 16:41:26,747 basehttp 131 "GET /static/images/bgimg/bg2.jpg HTTP/1.1" 304 0
INFO 2020-04-08 16:41:27,708 basehttp 131 "GET /blig77 HTTP/1.1" 200 3
INFO 2020-04-08 16:41:49,954 basehttp 131 "GET /static/images/bgimg/bg3.jpg HTTP/1.1" 304 0
INFO 2020-04-08 21:09:42,882 basehttp 131 "GET / HTTP/1.1" 200 16000
INFO 2020-04-08 21:09:42,979 basehttp 131 "GET /static/js/jquery.flexslider-min.js HTTP/1.1" 304 0
INFO 2020-04-08 21:09:42,979 basehttp 131 "GET /static/js/jquery.2.1.4.min.js HTTP/1.1" 304 0
INFO 2020-04-08 21:09:42,979 basehttp 131 "GET /static/js/superbg.min.js HTTP/1.1" 304 0
INFO 2020-04-08 21:09:43,004 basehttp 131 "GET /static/js/checkform.js HTTP/1.1" 304 0
INFO 2020-04-08 21:09:43,041 basehttp 131 "GET /static/js/superbg-custom.js HTTP/1.1" 304 0
INFO 2020-04-08 21:09:43,044 basehttp 131 "GET /static/css/skin_3.css HTTP/1.1" 304 0
INFO 2020-04-08 21:09:43,044 basehttp 131 "GET /static/css/animation.css HTTP/1.1" 304 0
INFO 2020-04-08 21:09:43,045 basehttp 131 "GET /static/css/flexslider.css HTTP/1.1" 304 0
INFO 2020-04-08 21:09:43,045 basehttp 131 "GET /static/css/default.css HTTP/1.1" 304 0
INFO 2020-04-08 21:09:43,046 basehttp 131 "GET /static/css/skin_2.css HTTP/1.1" 304 0
INFO 2020-04-08 21:09:43,051 basehttp 131 "GET /static/images/h.gif HTTP/1.1" 304 0
INFO 2020-04-08 21:09:43,056 basehttp 131 "GET /static/js/skin.js HTTP/1.1" 304 0
INFO 2020-04-08 21:09:43,057 basehttp 131 "GET /static/js/album.js HTTP/1.1" 304 0
INFO 2020-04-08 21:09:43,059 basehttp 131 "GET /static/js/my.js HTTP/1.1" 304 0
INFO 2020-04-08 21:09:43,060 basehttp 131 "GET /static/css/skin_1.css HTTP/1.1" 304 0
INFO 2020-04-08 21:09:43,060 basehttp 131 "GET /static/js/layer/layer.js HTTP/1.1" 304 0
INFO 2020-04-08 21:09:43,062 basehttp 131 "GET /static/js/tooltip.js HTTP/1.1" 304 0
INFO 2020-04-08 21:09:43,064 basehttp 131 "GET /static/css/public.css HTTP/1.1" 304 0
INFO 2020-04-08 21:09:43,064 basehttp 131 "GET /static/css/font-icon.css HTTP/1.1" 304 0
INFO 2020-04-08 21:09:43,068 basehttp 131 "GET /static/images/icon/loading.gif HTTP/1.1" 304 0
INFO 2020-04-08 21:09:43,140 basehttp 131 "GET /static/js/layer/skin/layer.css HTTP/1.1" 304 0
INFO 2020-04-08 21:09:43,185 basehttp 131 "GET /static/font/elusiveicons-webfont.woff?v=2.0.0 HTTP/1.1" 304 0
INFO 2020-04-08 21:09:43,196 basehttp 131 "GET /static/images/bgimg/bg4.jpg HTTP/1.1" 304 0
INFO 2020-04-08 21:09:43,196 basehttp 131 "GET /static/images/bgimg/bg1.jpg HTTP/1.1" 304 0
INFO 2020-04-08 21:09:43,196 basehttp 131 "GET /static/images/bgimg/bg0.jpg HTTP/1.1" 304 0
INFO 2020-04-08 21:09:43,250 basehttp 131 "GET /static/images/icon/back-top-btn.png HTTP/1.1" 304 0
INFO 2020-04-08 21:09:54,123 basehttp 131 "GET /static/images/icon/bd-fx.png HTTP/1.1" 200 12435
INFO 2020-04-08 21:10:04,223 basehttp 131 "GET /static/images/bgimg/bg2.jpg HTTP/1.1" 304 0
INFO 2020-04-08 21:10:29,185 basehttp 131 "GET /static/images/bgimg/bg3.jpg HTTP/1.1" 304 0
